<?xml version="1.0" encoding="UTF-8"?>
<!-- Generated by org.testng.reporters.JUnitReportReporter -->
<testsuite hostname="IVMLAP268-COM" failures="0" tests="1" name="package1.FirstAPI" time="7.941" errors="0" timestamp="06 Jul 2022 07:36:14 GMT" skipped="0">
  <testcase classname="package1.FirstAPI" name="Test1" time="7.941"/>
</testsuite> <!-- package1.FirstAPI -->
