<?xml version="1.0" encoding="UTF-8"?>
<!-- Generated by org.testng.reporters.JUnitReportReporter -->
<testsuite skipped="0" hostname="IVMLAP268-COM" name="package1.DynamicJson" tests="3" failures="0" timestamp="14 Jun 2022 10:08:20 GMT" time="2.481" errors="0">
  <testcase name="addBook" time="0.316" classname="package1.DynamicJson"/>
  <testcase name="addBook" time="1.833" classname="package1.DynamicJson"/>
  <testcase name="addBook" time="0.332" classname="package1.DynamicJson"/>
</testsuite> <!-- package1.DynamicJson -->
