<?xml version="1.0" encoding="UTF-8"?>
<!-- Generated by org.testng.reporters.JUnitReportReporter -->
<testsuite skipped="0" hostname="IVMLAP268-COM" name="package1.JIRA_API_Automation" tests="1" failures="0" timestamp="16 Jun 2022 10:19:10 GMT" time="4.131" errors="0">
  <testcase name="jiraAPI" time="4.131" classname="package1.JIRA_API_Automation"/>
</testsuite> <!-- package1.JIRA_API_Automation -->
